<?xml version="1.0" encoding="UTF-8"?>
<coverage generated="1681669662132" clover="3.2.0">
  <project timestamp="1681669662132" name="All files">
    <metrics statements="52" coveredstatements="51" conditionals="23" coveredconditionals="22" methods="19" coveredmethods="19" elements="94" coveredelements="92" complexity="0" loc="52" ncloc="52" packages="1" files="1" classes="1"/>
    <file name="invoiceCsvFilter.ts" path="/home/josepascual/workspace-testing/testing-library/src/core/kata/filtro-csv/invoiceCsvFilter.ts">
      <metrics statements="52" coveredstatements="51" conditionals="23" coveredconditionals="22" methods="19" coveredmethods="19"/>
      <line num="1" count="1" type="stmt"/>
      <line num="2" count="12" type="cond" truecount="3" falsecount="0"/>
      <line num="3" count="2" type="stmt"/>
      <line num="5" count="10" type="stmt"/>
      <line num="6" count="10" type="stmt"/>
      <line num="7" count="10" type="stmt"/>
      <line num="11" count="10" type="stmt"/>
      <line num="12" count="10" type="stmt"/>
      <line num="13" count="10" type="stmt"/>
      <line num="14" count="18" type="stmt"/>
      <line num="15" count="10" type="stmt"/>
      <line num="19" count="18" type="stmt"/>
      <line num="23" count="10" type="stmt"/>
      <line num="24" count="10" type="stmt"/>
      <line num="25" count="10" type="stmt"/>
      <line num="26" count="10" type="stmt"/>
      <line num="27" count="10" type="stmt"/>
      <line num="28" count="10" type="stmt"/>
      <line num="29" count="8" type="stmt"/>
      <line num="30" count="8" type="stmt"/>
      <line num="33" count="10" type="stmt"/>
      <line num="34" count="5" type="stmt"/>
      <line num="36" count="10" type="stmt"/>
      <line num="40" count="10" type="stmt"/>
      <line num="41" count="8" type="stmt"/>
      <line num="42" count="8" type="stmt"/>
      <line num="44" count="8" type="cond" truecount="2" falsecount="0"/>
      <line num="45" count="8" type="stmt"/>
      <line num="47" count="10" type="stmt"/>
      <line num="48" count="6" type="stmt"/>
      <line num="49" count="1" type="stmt"/>
      <line num="54" count="18" type="stmt"/>
      <line num="55" count="18" type="stmt"/>
      <line num="56" count="18" type="stmt"/>
      <line num="57" count="18" type="stmt"/>
      <line num="58" count="18" type="stmt"/>
      <line num="59" count="18" type="stmt"/>
      <line num="60" count="18" type="stmt"/>
      <line num="62" count="18" type="cond" truecount="8" falsecount="0"/>
      <line num="72" count="18" type="stmt"/>
      <line num="75" count="28" type="cond" truecount="2" falsecount="0"/>
      <line num="79" count="10" type="stmt"/>
      <line num="82" count="13" type="cond" truecount="4" falsecount="1"/>
      <line num="83" count="13" type="stmt"/>
      <line num="84" count="13" type="stmt"/>
      <line num="85" count="13" type="stmt"/>
      <line num="86" count="13" type="stmt"/>
      <line num="88" count="0" type="stmt"/>
      <line num="94" count="30" type="cond" truecount="1" falsecount="0"/>
      <line num="95" count="14" type="stmt"/>
      <line num="97" count="16" type="stmt"/>
      <line num="98" count="16" type="cond" truecount="2" falsecount="0"/>
    </file>
  </project>
</coverage>
