{"/home/josepascual/workspace-testing/testing-library/src/core/kata/banking/StatementPrinter.ts": {"path":"/home/josepascual/workspace-testing/testing-library/src/core/kata/banking/StatementPrinter.ts","statementMap":{"0":{"start":{"line":4,"column":22},"end":{"line":4,"column":38}},"1":{"start":{"line":5,"column":19},"end":{"line":5,"column":63}},"2":{"start":{"line":7,"column":4},"end":{"line":7,"column":34}},"3":{"start":{"line":3,"column":0},"end":{"line":3,"column":13}}},"fnMap":{"0":{"name":"(anonymous_0)","decl":{"start":{"line":4,"column":2},"end":{"line":4,"column":22}},"loc":{"start":{"line":4,"column":38},"end":{"line":4,"column":42}}},"1":{"name":"(anonymous_1)","decl":{"start":{"line":6,"column":2},"end":{"line":6,"column":7}},"loc":{"start":{"line":6,"column":35},"end":{"line":8,"column":3}}}},"branchMap":{},"s":{"0":1,"1":1,"2":2,"3":1},"f":{"0":1,"1":2},"b":{}}
,"/home/josepascual/workspace-testing/testing-library/src/core/kata/banking/Transaction.ts": {"path":"/home/josepascual/workspace-testing/testing-library/src/core/kata/banking/Transaction.ts","statementMap":{"0":{"start":{"line":2,"column":31},"end":{"line":2,"column":43}},"1":{"start":{"line":2,"column":62},"end":{"line":2,"column":76}},"2":{"start":{"line":1,"column":0},"end":{"line":1,"column":13}}},"fnMap":{"0":{"name":"(anonymous_0)","decl":{"start":{"line":2,"column":2},"end":{"line":2,"column":31}},"loc":{"start":{"line":2,"column":76},"end":{"line":2,"column":80}}}},"branchMap":{},"s":{"0":1,"1":1,"2":1},"f":{"0":1},"b":{}}
,"/home/josepascual/workspace-testing/testing-library/src/core/kata/banking/console.ts": {"path":"/home/josepascual/workspace-testing/testing-library/src/core/kata/banking/console.ts","statementMap":{"0":{"start":{"line":3,"column":4},"end":{"line":3,"column":25}},"1":{"start":{"line":1,"column":0},"end":{"line":1,"column":13}}},"fnMap":{"0":{"name":"(anonymous_0)","decl":{"start":{"line":2,"column":2},"end":{"line":2,"column":5}},"loc":{"start":{"line":2,"column":21},"end":{"line":4,"column":3}}}},"branchMap":{},"s":{"0":2,"1":1},"f":{"0":2},"b":{}}
}
