{"/home/josepascual/workspace-testing/testing-library/src/core/kata/banking/StatementPrinter.ts": {"path":"/home/josepascual/workspace-testing/testing-library/src/core/kata/banking/StatementPrinter.ts","statementMap":{"0":{"start":{"line":4,"column":22},"end":{"line":4,"column":38}},"1":{"start":{"line":5,"column":19},"end":{"line":5,"column":63}},"2":{"start":{"line":7,"column":4},"end":{"line":7,"column":34}},"3":{"start":{"line":8,"column":4},"end":{"line":8,"column":39}},"4":{"start":{"line":15,"column":28},"end":{"line":15,"column":57}},"5":{"start":{"line":16,"column":29},"end":{"line":16,"column":54}},"6":{"start":{"line":18,"column":4},"end":{"line":18,"column":78}},"7":{"start":{"line":22,"column":4},"end":{"line":26,"column":9}},"8":{"start":{"line":25,"column":8},"end":{"line":25,"column":31}},"9":{"start":{"line":29,"column":25},"end":{"line":29,"column":26}},"10":{"start":{"line":30,"column":4},"end":{"line":33,"column":7}},"11":{"start":{"line":31,"column":6},"end":{"line":31,"column":43}},"12":{"start":{"line":32,"column":6},"end":{"line":32,"column":67}},"13":{"start":{"line":3,"column":0},"end":{"line":3,"column":13}}},"fnMap":{"0":{"name":"(anonymous_0)","decl":{"start":{"line":4,"column":2},"end":{"line":4,"column":22}},"loc":{"start":{"line":4,"column":38},"end":{"line":4,"column":42}}},"1":{"name":"(anonymous_1)","decl":{"start":{"line":6,"column":2},"end":{"line":6,"column":7}},"loc":{"start":{"line":6,"column":35},"end":{"line":9,"column":3}}},"2":{"name":"(anonymous_2)","decl":{"start":{"line":11,"column":10},"end":{"line":11,"column":29}},"loc":{"start":{"line":13,"column":26},"end":{"line":19,"column":3}}},"3":{"name":"(anonymous_3)","decl":{"start":{"line":21,"column":10},"end":{"line":21,"column":25}},"loc":{"start":{"line":21,"column":53},"end":{"line":27,"column":3}}},"4":{"name":"(anonymous_4)","decl":{"start":{"line":24,"column":15},"end":{"line":24,"column":16}},"loc":{"start":{"line":24,"column":24},"end":{"line":26,"column":7}}},"5":{"name":"(anonymous_5)","decl":{"start":{"line":28,"column":10},"end":{"line":28,"column":32}},"loc":{"start":{"line":28,"column":60},"end":{"line":34,"column":3}}},"6":{"name":"(anonymous_6)","decl":{"start":{"line":30,"column":28},"end":{"line":30,"column":29}},"loc":{"start":{"line":30,"column":44},"end":{"line":33,"column":5}}}},"branchMap":{},"s":{"0":2,"1":2,"2":4,"3":4,"4":6,"5":6,"6":6,"7":4,"8":6,"9":4,"10":4,"11":6,"12":6,"13":2},"f":{"0":2,"1":4,"2":6,"3":4,"4":6,"5":4,"6":6},"b":{}}
}
