TN:
SF:src/core/kata/filtro-csv/invoiceCsvFilter.ts
FN:1,invoiceCsvFilter
FN:15,filterIncorrectLines
FN:21,(anonymous_2)
FN:21,(anonymous_3)
FN:25,isInvoiceLineValid
FN:29,filterRepeatedLines
FN:33,(anonymous_6)
FN:53,isNotValidInvoiceLine
FN:71,isNotValidLineIfBothVATAndIGICValuesAreIndicated
FN:74,isBothArgumentsIndicated
FN:78,isNotValidIfBothNIFAndCIFValuesAreIndicated
FN:81,isNetValueCorrectInRelationToGross
FN:93,isNumericTaxValue
FNF:13
FNH:13
FNDA:12,invoiceCsvFilter
FNDA:10,filterIncorrectLines
FNDA:18,(anonymous_2)
FNDA:8,(anonymous_3)
FNDA:18,isInvoiceLineValid
FNDA:10,filterRepeatedLines
FNDA:8,(anonymous_6)
FNDA:18,isNotValidInvoiceLine
FNDA:18,isNotValidLineIfBothVATAndIGICValuesAreIndicated
FNDA:28,isBothArgumentsIndicated
FNDA:10,isNotValidIfBothNIFAndCIFValuesAreIndicated
FNDA:13,isNetValueCorrectInRelationToGross
FNDA:30,isNumericTaxValue
DA:1,1
DA:3,12
DA:4,2
DA:7,10
DA:8,10
DA:10,10
DA:16,10
DA:18,10
DA:20,10
DA:21,18
DA:22,10
DA:26,18
DA:30,10
DA:31,10
DA:32,10
DA:33,10
DA:34,8
DA:35,8
DA:36,8
DA:37,2
DA:39,6
DA:43,10
DA:44,10
DA:45,6
DA:46,5
DA:50,10
DA:54,18
DA:55,18
DA:56,18
DA:57,18
DA:58,18
DA:59,18
DA:60,18
DA:62,18
DA:72,18
DA:75,28
DA:79,10
DA:82,13
DA:83,13
DA:84,13
DA:85,13
DA:86,13
DA:88,0
DA:94,30
DA:95,14
DA:97,16
DA:98,16
LF:47
LH:46
BRDA:3,0,0,2
BRDA:3,1,0,12
BRDA:3,1,1,11
BRDA:36,2,0,2
BRDA:36,2,1,6
BRDA:45,3,0,5
BRDA:62,4,0,18
BRDA:62,4,1,16
BRDA:62,4,2,14
BRDA:62,4,3,13
BRDA:62,4,4,10
BRDA:62,4,5,11
BRDA:62,4,6,3
BRDA:62,4,7,10
BRDA:75,5,0,28
BRDA:75,5,1,24
BRDA:82,6,0,13
BRDA:82,6,1,0
BRDA:82,7,0,13
BRDA:82,7,1,13
BRDA:82,7,2,13
BRDA:94,8,0,14
BRDA:98,9,0,3
BRDA:98,9,1,13
BRF:24
BRH:23
end_of_record
